This file contains any messages produced by compilers while
running configure, to aid debugging if configure makes a mistake.

It was created by Indri configure 5.5, which was
generated by GNU Autoconf 2.63.  Invocation command line was

  $ ./configure 

## --------- ##
## Platform. ##
## --------- ##

hostname = irnode0.cis.udel.edu
uname -m = x86_64
uname -r = 2.6.32-279.14.1.el6.x86_64
uname -s = Linux
uname -v = #1 SMP Tue Nov 6 23:43:09 UTC 2012

/usr/bin/uname -p = unknown
/bin/uname -X     = unknown

/bin/arch              = x86_64
/usr/bin/arch -k       = unknown
/usr/convex/getsysinfo = unknown
/usr/bin/hostinfo      = unknown
/bin/machine           = unknown
/usr/bin/oslevel       = unknown
/bin/universe          = unknown

PATH: /sbin
PATH: /bin
PATH: /usr/bin
PATH: /usr/sbin
PATH: /usr/local/bin
PATH: /usr/bin/X11
PATH: /usr/local/bin
PATH: /usr/local/ucb
PATH: /usr/local/uci
PATH: /usr/local/etc
PATH: /usr/bin
PATH: /usr/ucb
PATH: /usr/etc
PATH: /usr/local/gnu/bin
PATH: /usr/local/lang
PATH: /etc


## ----------- ##
## Core tests. ##
## ----------- ##

configure:1904: checking build system type
configure:1922: result: x86_64-unknown-linux-gnu
configure:1944: checking host system type
configure:1959: result: x86_64-unknown-linux-gnu
configure:2030: checking for gcc
configure:2046: found /usr/bin/gcc
configure:2057: result: gcc
configure:2289: checking for C compiler version
configure:2297: gcc --version >&5
gcc (GCC) 4.4.6 20110731 (Red Hat 4.4.6-3)
Copyright (C) 2010 Free Software Foundation, Inc.
This is free software; see the source for copying conditions.  There is NO
warranty; not even for MERCHANTABILITY or FITNESS FOR A PARTICULAR PURPOSE.

configure:2301: $? = 0
configure:2308: gcc -v >&5
Using built-in specs.
Target: x86_64-redhat-linux
Configured with: ../configure --prefix=/usr --mandir=/usr/share/man --infodir=/usr/share/info --with-bugurl=http://bugzilla.redhat.com/bugzilla --enable-bootstrap --enable-shared --enable-threads=posix --enable-checking=release --with-system-zlib --enable-__cxa_atexit --disable-libunwind-exceptions --enable-gnu-unique-object --enable-languages=c,c++,objc,obj-c++,java,fortran,ada --enable-java-awt=gtk --disable-dssi --with-java-home=/usr/lib/jvm/java-1.5.0-gcj-1.5.0.0/jre --enable-libgcj-multifile --enable-java-maintainer-mode --with-ecj-jar=/usr/share/java/eclipse-ecj.jar --disable-libjava-multilib --with-ppl --with-cloog --with-tune=generic --with-arch_32=i686 --build=x86_64-redhat-linux
Thread model: posix
gcc version 4.4.6 20110731 (Red Hat 4.4.6-3) (GCC) 
configure:2312: $? = 0
configure:2319: gcc -V >&5
gcc: '-V' option must have argument
configure:2323: $? = 1
configure:2346: checking for C compiler default output file name
configure:2368: gcc -g -O3   conftest.c  >&5
configure:2372: $? = 0
configure:2410: result: a.out
configure:2429: checking whether the C compiler works
configure:2439: ./a.out
configure:2443: $? = 0
configure:2462: result: yes
configure:2469: checking whether we are cross compiling
configure:2471: result: no
configure:2474: checking for suffix of executables
configure:2481: gcc -o conftest -g -O3   conftest.c  >&5
configure:2485: $? = 0
configure:2511: result: 
configure:2517: checking for suffix of object files
configure:2543: gcc -c -g -O3  conftest.c >&5
configure:2547: $? = 0
configure:2572: result: o
configure:2576: checking whether we are using the GNU C compiler
configure:2605: gcc -c -g -O3  conftest.c >&5
configure:2612: $? = 0
configure:2629: result: yes
configure:2638: checking whether gcc accepts -g
configure:2668: gcc -c -g  conftest.c >&5
configure:2675: $? = 0
configure:2776: result: yes
configure:2793: checking for gcc option to accept ISO C89
configure:2867: gcc  -c -g -O3  conftest.c >&5

## ---------------- ##
## Cache variables. ##
## ---------------- ##

ac_cv_build=x86_64-unknown-linux-gnu
ac_cv_c_compiler_gnu=yes
ac_cv_env_CCC_set=
ac_cv_env_CCC_value=
ac_cv_env_CC_set=
ac_cv_env_CC_value=
ac_cv_env_CFLAGS_set=
ac_cv_env_CFLAGS_value=
ac_cv_env_CPPFLAGS_set=
ac_cv_env_CPPFLAGS_value=
ac_cv_env_CPP_set=
ac_cv_env_CPP_value=
ac_cv_env_CXXCPP_set=
ac_cv_env_CXXCPP_value=
ac_cv_env_CXXFLAGS_set=
ac_cv_env_CXXFLAGS_value=
ac_cv_env_CXX_set=
ac_cv_env_CXX_value=
ac_cv_env_LDFLAGS_set=
ac_cv_env_LDFLAGS_value=
ac_cv_env_LIBS_set=
ac_cv_env_LIBS_value=
ac_cv_env_build_alias_set=
ac_cv_env_build_alias_value=
ac_cv_env_host_alias_set=
ac_cv_env_host_alias_value=
ac_cv_env_target_alias_set=
ac_cv_env_target_alias_value=
ac_cv_host=x86_64-unknown-linux-gnu
ac_cv_objext=o
ac_cv_prog_ac_ct_CC=gcc
ac_cv_prog_cc_c89=no
ac_cv_prog_cc_g=yes

## ----------------- ##
## Output variables. ##
## ----------------- ##

AR=''
CC='gcc '
CFLAGS='-g -O3'
CPP=''
CPPFLAGS=''
CSHARP_SHARED=''
CSHARP_SO=''
CXX=''
CXXCPP=''
CXXFLAGS='-g -O3'
DEFS=''
ECHO_C=''
ECHO_N='-n'
ECHO_T=''
EGREP=''
EXEEXT=''
GCC_33=''
GREP=''
INDRI_STANDALONE=''
INSTALL_DATA=''
INSTALL_PROGRAM=''
INSTALL_SCRIPT=''
JAR=''
JAVAC=''
JAVADOC=''
JAVAHOME=''
JAVAINC=''
JAVA_SHARED=''
JAVA_SO=''
LDFLAGS=''
LEX=''
LEXLIB=''
LEX_OUTPUT_ROOT=''
LIBOBJS=''
LIBS=''
LTLIBOBJS=''
MCS=''
NEED_ANTLR=''
OBJEXT='o'
PACKAGE_BUGREPORT='project@lemurproject.org'
PACKAGE_NAME='Indri'
PACKAGE_STRING='Indri 5.5'
PACKAGE_TARNAME='indri'
PACKAGE_VERSION='5.5'
PATH_SEPARATOR=':'
PHPCONFIG=''
PHPINCLUDE=''
PHP_SHARED=''
PHP_SO=''
SHARED=''
SHELL='/bin/sh'
SITESEED=''
SWIG=''
WITH_CSHARP=''
WITH_JAVA=''
WITH_PHP=''
WITH_SWIG=''
ac_ct_CC='gcc'
ac_ct_CXX=''
bindir='${exec_prefix}/bin'
build='x86_64-unknown-linux-gnu'
build_alias=''
build_cpu='x86_64'
build_os='linux-gnu'
build_vendor='unknown'
datadir='${datarootdir}'
datarootdir='${prefix}/share'
docdir='${datarootdir}/doc/${PACKAGE_TARNAME}'
dvidir='${docdir}'
exec_prefix='NONE'
host='x86_64-unknown-linux-gnu'
host_alias=''
host_cpu='x86_64'
host_os='linux-gnu'
host_vendor='unknown'
htmldir='${docdir}'
includedir='${prefix}/include'
infodir='${datarootdir}/info'
libdir='${exec_prefix}/lib'
libexecdir='${exec_prefix}/libexec'
localedir='${datarootdir}/locale'
localstatedir='${prefix}/var'
mandir='${datarootdir}/man'
oldincludedir='/usr/include'
pdfdir='${docdir}'
prefix='NONE'
program_transform_name='s,x,x,'
psdir='${docdir}'
sbindir='${exec_prefix}/sbin'
sharedstatedir='${prefix}/com'
sysconfdir='${prefix}/etc'
target_alias=''

## ----------- ##
## confdefs.h. ##
## ----------- ##

#define PACKAGE_NAME "Indri"
#define PACKAGE_TARNAME "indri"
#define PACKAGE_VERSION "5.5"
#define PACKAGE_STRING "Indri 5.5"
#define PACKAGE_BUGREPORT "project@lemurproject.org"

configure: caught signal 2
configure: exit 1
